<?xml version="1.0" encoding="UTF-8"?>
<!-- Generated by org.testng.reporters.JUnitReportReporter -->
<testsuite hostname="Lashya" failures="0" tests="1" name="test.Basics" time="0.015" errors="0" timestamp="2021-12-23T13:25:46 IST" skipped="0">
  <testcase classname="test.Basics" name="Demo" time="0.015"/>
  <system-out/>
</testsuite> <!-- test.Basics -->
